<?xml version="1.0" encoding="UTF-8"?>
<!-- Generated by org.testng.reporters.JUnitXMLReporter -->
<testsuite ignored="6" hostname="BSBLRL-16366" failures="0" tests="1" name="Default test" time="0.184" errors="0" timestamp="2024-12-06T10:51:47 IST">
  <testcase classname="Java.BasicJavaPrograms" name="PrimeNumber" time="0.059"/>
  <testcase classname="Java.BasicJavaPrograms" name="SwapNumber" time="0.0">
    <ignored/>
  </testcase> <!-- SwapNumber -->
  <testcase classname="Java.BasicJavaPrograms" name="FizzBuzz" time="0.0">
    <ignored/>
  </testcase> <!-- FizzBuzz -->
  <testcase classname="Java.BasicJavaPrograms" name="FibonacciSeries" time="0.0">
    <ignored/>
  </testcase> <!-- FibonacciSeries -->
  <testcase classname="Java.BasicJavaPrograms" name="EvenOddNumber" time="0.0">
    <ignored/>
  </testcase> <!-- EvenOddNumber -->
  <testcase classname="Java.BasicJavaPrograms" name="Test" time="0.0">
    <ignored/>
  </testcase> <!-- Test -->
  <testcase classname="Java.BasicJavaPrograms" name="largestNumber" time="0.0">
    <ignored/>
  </testcase> <!-- largestNumber -->
</testsuite> <!-- Default test -->
