<?xml version="1.0" encoding="UTF-8"?>
<testng-results ignored="6" total="7" passed="1" failed="0" skipped="0">
  <reporter-output>
  </reporter-output>
  <suite started-at="2024-12-06T10:51:46 IST" name="Default suite" finished-at="2024-12-06T10:51:47 IST" duration-ms="184">
    <groups>
    </groups>
    <test started-at="2024-12-06T10:51:46 IST" name="Default test" finished-at="2024-12-06T10:51:47 IST" duration-ms="184">
      <class name="Java.BasicJavaPrograms">
        <test-method signature="PrimeNumber()[pri:0, instance:Java.BasicJavaPrograms@550dbc7a]" started-at="2024-12-06T10:51:46 IST" name="PrimeNumber" finished-at="2024-12-06T10:51:46 IST" duration-ms="59" status="PASS">
          <reporter-output>
          </reporter-output>
        </test-method> <!-- PrimeNumber -->
      </class> <!-- Java.BasicJavaPrograms -->
    </test> <!-- Default test -->
  </suite> <!-- Default suite -->
</testng-results>
