<?xml version="1.0" encoding="UTF-8"?>
<testng-results ignored="0" total="1" passed="1" failed="0" skipped="0">
  <reporter-output>
  </reporter-output>
  <suite started-at="2024-03-28T21:02:02 IST" name="Default suite" finished-at="2024-03-28T21:02:03 IST" duration-ms="66">
    <groups>
    </groups>
    <test started-at="2024-03-28T21:02:02 IST" name="Default test" finished-at="2024-03-28T21:02:03 IST" duration-ms="66">
      <class name="Java.Collections.Array_List">
        <test-method signature="ArrayListDemo()[pri:0, instance:Java.Collections.Array_List@2fd1433e]" started-at="2024-03-28T21:02:03 IST" name="ArrayListDemo" finished-at="2024-03-28T21:02:03 IST" duration-ms="15" status="PASS">
          <reporter-output>
          </reporter-output>
        </test-method> <!-- ArrayListDemo -->
      </class> <!-- Java.Collections.Array_List -->
    </test> <!-- Default test -->
  </suite> <!-- Default suite -->
</testng-results>
